<?xml version="1.0" encoding="UTF-8"?>
<testsuite name="org.nixdork.klife.RulesTests" tests="5" skipped="0" failures="0" errors="0" timestamp="2022-10-30T23:57:37" hostname="cockfosters" time="0.011">
  <properties/>
  <testcase name="a dead cell with 3 live neighbors comes to life" classname="org.nixdork.klife.RulesTests" time="0.0"/>
  <testcase name="a dead cell with without 3 live neighbors stays dead" classname="org.nixdork.klife.RulesTests" time="0.0"/>
  <testcase name="a live cell with 0 or 1 live neighbors dies off" classname="org.nixdork.klife.RulesTests" time="0.001"/>
  <testcase name="a live cell with 2 or 3 live neighbors lives on" classname="org.nixdork.klife.RulesTests" time="0.001"/>
  <testcase name="a live cell with 4 or more live neighbors dies off" classname="org.nixdork.klife.RulesTests" time="0.0"/>
  <system-out><![CDATA[]]></system-out>
  <system-err><![CDATA[]]></system-err>
</testsuite>
