<?xml version="1.0" encoding="UTF-8"?>
<testsuite name="org.nixdork.klife.GenerationsTests" tests="3" skipped="0" failures="0" errors="0" timestamp="2022-10-30T23:57:37" hostname="cockfosters" time="0.013">
  <properties/>
  <testcase name="next 5 generations of glider" classname="org.nixdork.klife.GenerationsTests" time="0.0"/>
  <testcase name="next generation dies off" classname="org.nixdork.klife.GenerationsTests" time="0.001"/>
  <testcase name="next generation is empty" classname="org.nixdork.klife.GenerationsTests" time="0.001"/>
  <system-out><![CDATA[]]></system-out>
  <system-err><![CDATA[]]></system-err>
</testsuite>
