<?xml version="1.0" encoding="UTF-8"?>
<testsuite name="org.nixdork.klife.GridManagementTests" tests="4" skipped="0" failures="0" errors="0" timestamp="2022-10-30T23:57:37" hostname="cockfosters" time="0.015">
  <properties/>
  <testcase name="new grid has specified size" classname="org.nixdork.klife.GridManagementTests" time="0.0"/>
  <testcase name="new grid is empty" classname="org.nixdork.klife.GridManagementTests" time="0.0"/>
  <testcase name="parse grid" classname="org.nixdork.klife.GridManagementTests" time="0.001"/>
  <testcase name="render grid" classname="org.nixdork.klife.GridManagementTests" time="0.0"/>
  <system-out><![CDATA[]]></system-out>
  <system-err><![CDATA[]]></system-err>
</testsuite>
