<?xml version="1.0" encoding="UTF-8"?>
<testsuite name="org.nixdork.klife.NeighborsTests" tests="2" skipped="0" failures="0" errors="0" timestamp="2022-10-30T23:57:37" hostname="cockfosters" time="0.002">
  <properties/>
  <testcase name="3 in a row" classname="org.nixdork.klife.NeighborsTests" time="0.0"/>
  <testcase name="single cell has no neighbors" classname="org.nixdork.klife.NeighborsTests" time="0.001"/>
  <system-out><![CDATA[]]></system-out>
  <system-err><![CDATA[]]></system-err>
</testsuite>
